<?xml version="1.0" encoding="UTF-8"?>
<robot generator="Robot 4.0.3 (Python 3.9.7 on darwin)" generated="20220218 16:08:36.952" rpa="false" schemaversion="2">
<suite id="s1" name="TestSuite" source="/Users/valtteri.kukkola/Documents/GitHub/robot-tests-101/tests/TestSuite.robot">
<test id="s1-t1" name="Test Case 1">
<kw name="Say Hello World" library="keywords">
<kw name="Log To Console" library="BuiltIn">
<arg>Hello World</arg>
<doc>Logs the given message to the console.</doc>
<status status="PASS" starttime="20220218 16:08:36.995" endtime="20220218 16:08:36.995"/>
</kw>
<status status="PASS" starttime="20220218 16:08:36.994" endtime="20220218 16:08:36.995"/>
</kw>
<status status="PASS" starttime="20220218 16:08:36.994" endtime="20220218 16:08:36.995"/>
</test>
<status status="PASS" starttime="20220218 16:08:36.955" endtime="20220218 16:08:36.996"/>
</suite>
<statistics>
<total>
<stat pass="1" fail="0" skip="0">All Tests</stat>
</total>
<tag>
</tag>
<suite>
<stat pass="1" fail="0" skip="0" id="s1" name="TestSuite">TestSuite</stat>
</suite>
</statistics>
<errors>
</errors>
</robot>
